<?xml version="1.0" encoding="UTF-8"?>
<testsuite xmlns:xsi="http://www.w3.org/2001/XMLSchema-instance" xsi:noNamespaceSchemaLocation="https://maven.apache.org/surefire/maven-surefire-plugin/xsd/surefire-test-report.xsd" name="tech.donau.GreetingTest" time="17.943" tests="3" errors="0" skipped="0" failures="0">
  <properties>
    <property name="sun.desktop" value="windows"/>
    <property name="awt.toolkit" value="sun.awt.windows.WToolkit"/>
    <property name="java.specification.version" value="11"/>
    <property name="sun.cpu.isalist" value="amd64"/>
    <property name="sun.jnu.encoding" value="Cp1252"/>
    <property name="java.class.path" value="D:\tmp\quarkus\workspaces\Section 9 Quarkus Cloud\quarkus-lambda\target\test-classes;D:\tmp\quarkus\workspaces\Section 9 Quarkus Cloud\quarkus-lambda\target\classes;C:\Users\ndigrazia\.m2\repository\io\quarkus\quarkus-resteasy\1.3.1.Final\quarkus-resteasy-1.3.1.Final.jar;C:\Users\ndigrazia\.m2\repository\io\quarkus\quarkus-vertx-http\1.3.1.Final\quarkus-vertx-http-1.3.1.Final.jar;C:\Users\ndigrazia\.m2\repository\io\quarkus\quarkus-development-mode-spi\1.3.1.Final\quarkus-development-mode-spi-1.3.1.Final.jar;C:\Users\ndigrazia\.m2\repository\io\quarkus\quarkus-vertx-core\1.3.1.Final\quarkus-vertx-core-1.3.1.Final.jar;C:\Users\ndigrazia\.m2\repository\io\vertx\vertx-web\3.8.5\vertx-web-3.8.5.jar;C:\Users\ndigrazia\.m2\repository\io\vertx\vertx-web-common\3.8.5\vertx-web-common-3.8.5.jar;C:\Users\ndigrazia\.m2\repository\io\vertx\vertx-auth-common\3.8.5\vertx-auth-common-3.8.5.jar;C:\Users\ndigrazia\.m2\repository\io\vertx\vertx-bridge-common\3.8.5\vertx-bridge-common-3.8.5.jar;C:\Users\ndigrazia\.m2\repository\io\quarkus\quarkus-resteasy-server-common\1.3.1.Final\quarkus-resteasy-server-common-1.3.1.Final.jar;C:\Users\ndigrazia\.m2\repository\io\quarkus\quarkus-resteasy-common\1.3.1.Final\quarkus-resteasy-common-1.3.1.Final.jar;C:\Users\ndigrazia\.m2\repository\org\jboss\resteasy\resteasy-core\4.5.3.Final\resteasy-core-4.5.3.Final.jar;C:\Users\ndigrazia\.m2\repository\org\jboss\spec\javax\ws\rs\jboss-jaxrs-api_2.1_spec\2.0.1.Final\jboss-jaxrs-api_2.1_spec-2.0.1.Final.jar;C:\Users\ndigrazia\.m2\repository\org\jboss\spec\javax\xml\bind\jboss-jaxb-api_2.3_spec\2.0.0.Final\jboss-jaxb-api_2.3_spec-2.0.0.Final.jar;C:\Users\ndigrazia\.m2\repository\org\jboss\resteasy\resteasy-core-spi\4.5.3.Final\resteasy-core-spi-4.5.3.Final.jar;C:\Users\ndigrazia\.m2\repository\org\eclipse\microprofile\config\microprofile-config-api\1.4\microprofile-config-api-1.4.jar;C:\Users\ndigrazia\.m2\repository\com\sun\activation\jakarta.activation\1.2.1\jakarta.activation-1.2.1.jar;C:\Users\ndigrazia\.m2\repository\jakarta\validation\jakarta.validation-api\2.0.2\jakarta.validation-api-2.0.2.jar;C:\Users\ndigrazia\.m2\repository\io\quarkus\quarkus-undertow\1.3.1.Final\quarkus-undertow-1.3.1.Final.jar;C:\Users\ndigrazia\.m2\repository\io\quarkus\quarkus-arc\1.3.1.Final\quarkus-arc-1.3.1.Final.jar;C:\Users\ndigrazia\.m2\repository\io\quarkus\arc\arc\1.3.1.Final\arc-1.3.1.Final.jar;C:\Users\ndigrazia\.m2\repository\jakarta\transaction\jakarta.transaction-api\1.3.3\jakarta.transaction-api-1.3.3.jar;C:\Users\ndigrazia\.m2\repository\io\quarkus\security\quarkus-security\1.0.1.Final\quarkus-security-1.0.1.Final.jar;C:\Users\ndigrazia\.m2\repository\org\jboss\logging\jboss-logging\3.3.2.Final\jboss-logging-3.3.2.Final.jar;C:\Users\ndigrazia\.m2\repository\jakarta\enterprise\jakarta.enterprise.cdi-api\2.0.2\jakarta.enterprise.cdi-api-2.0.2.jar;C:\Users\ndigrazia\.m2\repository\jakarta\el\jakarta.el-api\3.0.3\jakarta.el-api-3.0.3.jar;C:\Users\ndigrazia\.m2\repository\jakarta\interceptor\jakarta.interceptor-api\1.2.5\jakarta.interceptor-api-1.2.5.jar;C:\Users\ndigrazia\.m2\repository\jakarta\inject\jakarta.inject-api\1.0\jakarta.inject-api-1.0.jar;C:\Users\ndigrazia\.m2\repository\io\quarkus\http\quarkus-http-servlet\3.0.4.Final\quarkus-http-servlet-3.0.4.Final.jar;C:\Users\ndigrazia\.m2\repository\jakarta\servlet\jakarta.servlet-api\4.0.3\jakarta.servlet-api-4.0.3.jar;C:\Users\ndigrazia\.m2\repository\jakarta\annotation\jakarta.annotation-api\1.3.5\jakarta.annotation-api-1.3.5.jar;C:\Users\ndigrazia\.m2\repository\io\quarkus\http\quarkus-http-vertx-backend\3.0.4.Final\quarkus-http-vertx-backend-3.0.4.Final.jar;C:\Users\ndigrazia\.m2\repository\io\vertx\vertx-core\3.8.5\vertx-core-3.8.5.jar;C:\Users\ndigrazia\.m2\repository\io\netty\netty-common\4.1.45.Final\netty-common-4.1.45.Final.jar;C:\Users\ndigrazia\.m2\repository\io\netty\netty-buffer\4.1.45.Final\netty-buffer-4.1.45.Final.jar;C:\Users\ndigrazia\.m2\repository\io\netty\netty-transport\4.1.45.Final\netty-transport-4.1.45.Final.jar;C:\Users\ndigrazia\.m2\repository\io\netty\netty-handler\4.1.45.Final\netty-handler-4.1.45.Final.jar;C:\Users\ndigrazia\.m2\repository\io\netty\netty-handler-proxy\4.1.45.Final\netty-handler-proxy-4.1.45.Final.jar;C:\Users\ndigrazia\.m2\repository\io\netty\netty-codec-socks\4.1.45.Final\netty-codec-socks-4.1.45.Final.jar;C:\Users\ndigrazia\.m2\repository\io\netty\netty-codec-http2\4.1.45.Final\netty-codec-http2-4.1.45.Final.jar;C:\Users\ndigrazia\.m2\repository\io\netty\netty-resolver\4.1.45.Final\netty-resolver-4.1.45.Final.jar;C:\Users\ndigrazia\.m2\repository\io\netty\netty-resolver-dns\4.1.45.Final\netty-resolver-dns-4.1.45.Final.jar;C:\Users\ndigrazia\.m2\repository\io\netty\netty-codec-dns\4.1.45.Final\netty-codec-dns-4.1.45.Final.jar;C:\Users\ndigrazia\.m2\repository\io\quarkus\http\quarkus-http-http-core\3.0.4.Final\quarkus-http-http-core-3.0.4.Final.jar;C:\Users\ndigrazia\.m2\repository\io\quarkus\http\quarkus-http-core\3.0.4.Final\quarkus-http-core-3.0.4.Final.jar;C:\Users\ndigrazia\.m2\repository\io\netty\netty-codec-http\4.1.45.Final\netty-codec-http-4.1.45.Final.jar;C:\Users\ndigrazia\.m2\repository\io\netty\netty-codec\4.1.45.Final\netty-codec-4.1.45.Final.jar;C:\Users\ndigrazia\.m2\repository\io\quarkus\quarkus-core\1.3.1.Final\quarkus-core-1.3.1.Final.jar;C:\Users\ndigrazia\.m2\repository\io\smallrye\config\smallrye-config\1.7.0\smallrye-config-1.7.0.jar;C:\Users\ndigrazia\.m2\repository\io\smallrye\config\smallrye-config-common\1.7.0\smallrye-config-common-1.7.0.jar;C:\Users\ndigrazia\.m2\repository\org\jboss\logmanager\jboss-logmanager-embedded\1.0.4\jboss-logmanager-embedded-1.0.4.jar;C:\Users\ndigrazia\.m2\repository\org\jboss\logging\jboss-logging-annotations\2.1.0.Final\jboss-logging-annotations-2.1.0.Final.jar;C:\Users\ndigrazia\.m2\repository\org\jboss\threads\jboss-threads\3.0.1.Final\jboss-threads-3.0.1.Final.jar;C:\Users\ndigrazia\.m2\repository\org\slf4j\slf4j-api\1.7.29\slf4j-api-1.7.29.jar;C:\Users\ndigrazia\.m2\repository\org\jboss\slf4j\slf4j-jboss-logging\1.2.0.Final\slf4j-jboss-logging-1.2.0.Final.jar;C:\Users\ndigrazia\.m2\repository\org\graalvm\sdk\graal-sdk\19.3.1\graal-sdk-19.3.1.jar;C:\Users\ndigrazia\.m2\repository\org\wildfly\common\wildfly-common\1.5.4.Final-format-001\wildfly-common-1.5.4.Final-format-001.jar;C:\Users\ndigrazia\.m2\repository\org\eclipse\microprofile\context-propagation\microprofile-context-propagation-api\1.0.1\microprofile-context-propagation-api-1.0.1.jar;C:\Users\ndigrazia\.m2\repository\io\quarkus\quarkus-vertx-web\1.3.1.Final\quarkus-vertx-web-1.3.1.Final.jar;C:\Users\ndigrazia\.m2\repository\io\quarkus\quarkus-vertx\1.3.1.Final\quarkus-vertx-1.3.1.Final.jar;C:\Users\ndigrazia\.m2\repository\io\quarkus\quarkus-netty\1.3.1.Final\quarkus-netty-1.3.1.Final.jar;C:\Users\ndigrazia\.m2\repository\io\quarkus\quarkus-jackson\1.3.1.Final\quarkus-jackson-1.3.1.Final.jar;C:\Users\ndigrazia\.m2\repository\com\fasterxml\jackson\datatype\jackson-datatype-jsr310\2.10.2\jackson-datatype-jsr310-2.10.2.jar;C:\Users\ndigrazia\.m2\repository\com\fasterxml\jackson\datatype\jackson-datatype-jdk8\2.10.2\jackson-datatype-jdk8-2.10.2.jar;C:\Users\ndigrazia\.m2\repository\com\fasterxml\jackson\module\jackson-module-parameter-names\2.10.2\jackson-module-parameter-names-2.10.2.jar;C:\Users\ndigrazia\.m2\repository\io\smallrye\reactive\smallrye-axle-generator\0.0.13\smallrye-axle-generator-0.0.13.jar;C:\Users\ndigrazia\.m2\repository\io\reactivex\rxjava2\rxjava\2.2.18\rxjava-2.2.18.jar;C:\Users\ndigrazia\.m2\repository\io\smallrye\reactive\smallrye-reactive-streams-operators\1.0.10\smallrye-reactive-streams-operators-1.0.10.jar;C:\Users\ndigrazia\.m2\repository\org\eclipse\microprofile\reactive-streams-operators\microprofile-reactive-streams-operators-api\1.0\microprofile-reactive-streams-operators-api-1.0.jar;C:\Users\ndigrazia\.m2\repository\org\eclipse\microprofile\reactive-streams-operators\microprofile-reactive-streams-operators-core\1.0\microprofile-reactive-streams-operators-core-1.0.jar;C:\Users\ndigrazia\.m2\repository\org\reactivestreams\reactive-streams\1.0.3\reactive-streams-1.0.3.jar;C:\Users\ndigrazia\.m2\repository\io\vertx\vertx-codegen\3.8.5\vertx-codegen-3.8.5.jar;C:\Users\ndigrazia\.m2\repository\org\mvel\mvel2\2.4.4.Final\mvel2-2.4.4.Final.jar;C:\Users\ndigrazia\.m2\repository\io\smallrye\reactive\smallrye-axle-core\0.0.13\smallrye-axle-core-0.0.13.jar;C:\Users\ndigrazia\.m2\repository\io\vertx\vertx-rx-java2\3.8.5\vertx-rx-java2-3.8.5.jar;C:\Users\ndigrazia\.m2\repository\io\vertx\vertx-rx-gen\3.8.5\vertx-rx-gen-3.8.5.jar;C:\Users\ndigrazia\.m2\repository\io\quarkus\quarkus-mutiny\1.3.1.Final\quarkus-mutiny-1.3.1.Final.jar;C:\Users\ndigrazia\.m2\repository\io\smallrye\reactive\mutiny\0.4.2\mutiny-0.4.2.jar;C:\Users\ndigrazia\.m2\repository\io\quarkus\quarkus-smallrye-context-propagation\1.3.1.Final\quarkus-smallrye-context-propagation-1.3.1.Final.jar;C:\Users\ndigrazia\.m2\repository\io\smallrye\smallrye-context-propagation\1.0.11\smallrye-context-propagation-1.0.11.jar;C:\Users\ndigrazia\.m2\repository\io\smallrye\smallrye-context-propagation-api\1.0.11\smallrye-context-propagation-api-1.0.11.jar;C:\Users\ndigrazia\.m2\repository\io\smallrye\reactive\mutiny-context-propagation\0.4.2\mutiny-context-propagation-0.4.2.jar;C:\Users\ndigrazia\.m2\repository\io\smallrye\reactive\smallrye-reactive-converter-api\1.0.10\smallrye-reactive-converter-api-1.0.10.jar;C:\Users\ndigrazia\.m2\repository\io\smallrye\reactive\smallrye-mutiny-vertx-core\0.0.13\smallrye-mutiny-vertx-core-0.0.13.jar;C:\Users\ndigrazia\.m2\repository\io\smallrye\reactive\smallrye-mutiny-vertx-runtime\0.0.13\smallrye-mutiny-vertx-runtime-0.0.13.jar;C:\Users\ndigrazia\.m2\repository\io\smallrye\reactive\vertx-mutiny-generator\0.0.13\vertx-mutiny-generator-0.0.13.jar;C:\Users\ndigrazia\.m2\repository\io\quarkus\quarkus-amazon-lambda-http\1.3.1.Final\quarkus-amazon-lambda-http-1.3.1.Final.jar;C:\Users\ndigrazia\.m2\repository\io\quarkus\quarkus-amazon-lambda\1.3.1.Final\quarkus-amazon-lambda-1.3.1.Final.jar;C:\Users\ndigrazia\.m2\repository\com\amazonaws\aws-lambda-java-core\1.1.0\aws-lambda-java-core-1.1.0.jar;C:\Users\ndigrazia\.m2\repository\com\amazonaws\aws-lambda-java-events\2.2.7\aws-lambda-java-events-2.2.7.jar;C:\Users\ndigrazia\.m2\repository\com\fasterxml\jackson\datatype\jackson-datatype-joda\2.10.2\jackson-datatype-joda-2.10.2.jar;C:\Users\ndigrazia\.m2\repository\com\fasterxml\jackson\core\jackson-annotations\2.10.2\jackson-annotations-2.10.2.jar;C:\Users\ndigrazia\.m2\repository\com\fasterxml\jackson\core\jackson-core\2.10.2\jackson-core-2.10.2.jar;C:\Users\ndigrazia\.m2\repository\joda-time\joda-time\2.9.9\joda-time-2.9.9.jar;C:\Users\ndigrazia\.m2\repository\com\amazonaws\serverless\aws-serverless-java-container-core\1.3.1\aws-serverless-java-container-core-1.3.1.jar;C:\Users\ndigrazia\.m2\repository\com\fasterxml\jackson\core\jackson-databind\2.10.2\jackson-databind-2.10.2.jar;C:\Users\ndigrazia\.m2\repository\com\fasterxml\jackson\module\jackson-module-afterburner\2.10.2\jackson-module-afterburner-2.10.2.jar;C:\Users\ndigrazia\.m2\repository\commons-fileupload\commons-fileupload\1.4\commons-fileupload-1.4.jar;C:\Users\ndigrazia\.m2\repository\commons-io\commons-io\2.6\commons-io-2.6.jar;C:\Users\ndigrazia\.m2\repository\org\apache\httpcomponents\httpcore\4.4.13\httpcore-4.4.13.jar;C:\Users\ndigrazia\.m2\repository\io\quarkus\quarkus-junit5\1.3.1.Final\quarkus-junit5-1.3.1.Final.jar;C:\Users\ndigrazia\.m2\repository\io\quarkus\quarkus-bootstrap-core\1.3.1.Final\quarkus-bootstrap-core-1.3.1.Final.jar;C:\Users\ndigrazia\.m2\repository\org\ow2\asm\asm\7.3.1\asm-7.3.1.jar;C:\Users\ndigrazia\.m2\repository\org\apache\maven\maven-embedder\3.6.3\maven-embedder-3.6.3.jar;C:\Users\ndigrazia\.m2\repository\org\apache\maven\maven-settings\3.6.3\maven-settings-3.6.3.jar;C:\Users\ndigrazia\.m2\repository\org\apache\maven\maven-core\3.6.3\maven-core-3.6.3.jar;C:\Users\ndigrazia\.m2\repository\org\apache\maven\maven-artifact\3.6.3\maven-artifact-3.6.3.jar;C:\Users\ndigrazia\.m2\repository\org\codehaus\plexus\plexus-component-annotations\2.1.0\plexus-component-annotations-2.1.0.jar;C:\Users\ndigrazia\.m2\repository\org\apache\maven\maven-plugin-api\3.6.3\maven-plugin-api-3.6.3.jar;C:\Users\ndigrazia\.m2\repository\org\apache\maven\maven-model\3.6.3\maven-model-3.6.3.jar;C:\Users\ndigrazia\.m2\repository\org\apache\maven\maven-model-builder\3.6.3\maven-model-builder-3.6.3.jar;C:\Users\ndigrazia\.m2\repository\org\apache\maven\maven-builder-support\3.6.3\maven-builder-support-3.6.3.jar;C:\Users\ndigrazia\.m2\repository\org\apache\maven\resolver\maven-resolver-api\1.4.1\maven-resolver-api-1.4.1.jar;C:\Users\ndigrazia\.m2\repository\org\apache\maven\resolver\maven-resolver-util\1.4.1\maven-resolver-util-1.4.1.jar;C:\Users\ndigrazia\.m2\repository\org\apache\maven\shared\maven-shared-utils\3.2.1\maven-shared-utils-3.2.1.jar;C:\Users\ndigrazia\.m2\repository\com\google\inject\guice\4.2.1\guice-4.2.1-no_aop.jar;C:\Users\ndigrazia\.m2\repository\com\google\guava\guava\27.0.1-jre\guava-27.0.1-jre.jar;C:\Users\ndigrazia\.m2\repository\com\google\guava\failureaccess\1.0.1\failureaccess-1.0.1.jar;C:\Users\ndigrazia\.m2\repository\com\google\guava\listenablefuture\9999.0-empty-to-avoid-conflict-with-guava\listenablefuture-9999.0-empty-to-avoid-conflict-with-guava.jar;C:\Users\ndigrazia\.m2\repository\org\codehaus\plexus\plexus-utils\3.2.1\plexus-utils-3.2.1.jar;C:\Users\ndigrazia\.m2\repository\org\eclipse\sisu\org.eclipse.sisu.plexus\0.3.4\org.eclipse.sisu.plexus-0.3.4.jar;C:\Users\ndigrazia\.m2\repository\commons-cli\commons-cli\1.4\commons-cli-1.4.jar;C:\Users\ndigrazia\.m2\repository\org\apache\maven\maven-settings-builder\3.6.3\maven-settings-builder-3.6.3.jar;C:\Users\ndigrazia\.m2\repository\org\codehaus\plexus\plexus-interpolation\1.25\plexus-interpolation-1.25.jar;C:\Users\ndigrazia\.m2\repository\org\sonatype\plexus\plexus-sec-dispatcher\1.4\plexus-sec-dispatcher-1.4.jar;C:\Users\ndigrazia\.m2\repository\org\sonatype\plexus\plexus-cipher\1.4\plexus-cipher-1.4.jar;C:\Users\ndigrazia\.m2\repository\org\apache\maven\maven-resolver-provider\3.6.3\maven-resolver-provider-3.6.3.jar;C:\Users\ndigrazia\.m2\repository\org\apache\maven\maven-repository-metadata\3.6.3\maven-repository-metadata-3.6.3.jar;C:\Users\ndigrazia\.m2\repository\org\apache\maven\resolver\maven-resolver-spi\1.4.1\maven-resolver-spi-1.4.1.jar;C:\Users\ndigrazia\.m2\repository\org\apache\maven\resolver\maven-resolver-impl\1.4.1\maven-resolver-impl-1.4.1.jar;C:\Users\ndigrazia\.m2\repository\org\apache\maven\resolver\maven-resolver-connector-basic\1.4.1\maven-resolver-connector-basic-1.4.1.jar;C:\Users\ndigrazia\.m2\repository\org\apache\maven\resolver\maven-resolver-transport-wagon\1.4.1\maven-resolver-transport-wagon-1.4.1.jar;C:\Users\ndigrazia\.m2\repository\org\apache\maven\wagon\wagon-http\3.3.4\wagon-http-3.3.4.jar;C:\Users\ndigrazia\.m2\repository\org\apache\maven\wagon\wagon-http-shared\3.3.4\wagon-http-shared-3.3.4.jar;C:\Users\ndigrazia\.m2\repository\org\jsoup\jsoup\1.12.1\jsoup-1.12.1.jar;C:\Users\ndigrazia\.m2\repository\org\apache\maven\wagon\wagon-provider-api\3.3.4\wagon-provider-api-3.3.4.jar;C:\Users\ndigrazia\.m2\repository\org\apache\maven\wagon\wagon-file\3.3.4\wagon-file-3.3.4.jar;C:\Users\ndigrazia\.m2\repository\org\jboss\logging\commons-logging-jboss-logging\1.0.0.Final\commons-logging-jboss-logging-1.0.0.Final.jar;C:\Users\ndigrazia\.m2\repository\io\quarkus\quarkus-test-common\1.3.1.Final\quarkus-test-common-1.3.1.Final.jar;C:\Users\ndigrazia\.m2\repository\io\quarkus\quarkus-core-deployment\1.3.1.Final\quarkus-core-deployment-1.3.1.Final.jar;C:\Users\ndigrazia\.m2\repository\io\quarkus\gizmo\gizmo\1.0.2.Final\gizmo-1.0.2.Final.jar;C:\Users\ndigrazia\.m2\repository\org\ow2\asm\asm-util\7.3.1\asm-util-7.3.1.jar;C:\Users\ndigrazia\.m2\repository\org\ow2\asm\asm-tree\7.3.1\asm-tree-7.3.1.jar;C:\Users\ndigrazia\.m2\repository\org\ow2\asm\asm-analysis\7.3.1\asm-analysis-7.3.1.jar;C:\Users\ndigrazia\.m2\repository\io\quarkus\quarkus-builder\1.3.1.Final\quarkus-builder-1.3.1.Final.jar;C:\Users\ndigrazia\.m2\repository\io\quarkus\quarkus-jsonp-deployment\1.3.1.Final\quarkus-jsonp-deployment-1.3.1.Final.jar;C:\Users\ndigrazia\.m2\repository\io\quarkus\quarkus-jsonp\1.3.1.Final\quarkus-jsonp-1.3.1.Final.jar;C:\Users\ndigrazia\.m2\repository\org\glassfish\jakarta.json\1.1.6\jakarta.json-1.1.6.jar;C:\Users\ndigrazia\.m2\repository\org\jboss\jandex\2.1.3.Final\jandex-2.1.3.Final.jar;C:\Users\ndigrazia\.m2\repository\org\junit\jupiter\junit-jupiter\5.6.0\junit-jupiter-5.6.0.jar;C:\Users\ndigrazia\.m2\repository\org\junit\jupiter\junit-jupiter-api\5.6.0\junit-jupiter-api-5.6.0.jar;C:\Users\ndigrazia\.m2\repository\org\apiguardian\apiguardian-api\1.1.0\apiguardian-api-1.1.0.jar;C:\Users\ndigrazia\.m2\repository\org\opentest4j\opentest4j\1.2.0\opentest4j-1.2.0.jar;C:\Users\ndigrazia\.m2\repository\org\junit\platform\junit-platform-commons\1.6.0\junit-platform-commons-1.6.0.jar;C:\Users\ndigrazia\.m2\repository\org\junit\jupiter\junit-jupiter-params\5.6.0\junit-jupiter-params-5.6.0.jar;C:\Users\ndigrazia\.m2\repository\org\junit\jupiter\junit-jupiter-engine\5.6.0\junit-jupiter-engine-5.6.0.jar;C:\Users\ndigrazia\.m2\repository\org\junit\platform\junit-platform-engine\1.6.0\junit-platform-engine-1.6.0.jar;C:\Users\ndigrazia\.m2\repository\io\rest-assured\rest-assured\4.3.0\rest-assured-4.3.0.jar;C:\Users\ndigrazia\.m2\repository\org\codehaus\groovy\groovy\3.0.2\groovy-3.0.2.jar;C:\Users\ndigrazia\.m2\repository\org\codehaus\groovy\groovy-xml\3.0.2\groovy-xml-3.0.2.jar;C:\Users\ndigrazia\.m2\repository\org\apache\httpcomponents\httpclient\4.5.11\httpclient-4.5.11.jar;C:\Users\ndigrazia\.m2\repository\commons-codec\commons-codec\1.13\commons-codec-1.13.jar;C:\Users\ndigrazia\.m2\repository\org\apache\httpcomponents\httpmime\4.5.3\httpmime-4.5.3.jar;C:\Users\ndigrazia\.m2\repository\org\hamcrest\hamcrest\2.1\hamcrest-2.1.jar;C:\Users\ndigrazia\.m2\repository\org\ccil\cowan\tagsoup\tagsoup\1.2.1\tagsoup-1.2.1.jar;C:\Users\ndigrazia\.m2\repository\io\rest-assured\json-path\4.3.0\json-path-4.3.0.jar;C:\Users\ndigrazia\.m2\repository\org\codehaus\groovy\groovy-json\3.0.2\groovy-json-3.0.2.jar;C:\Users\ndigrazia\.m2\repository\io\rest-assured\rest-assured-common\4.3.0\rest-assured-common-4.3.0.jar;C:\Users\ndigrazia\.m2\repository\io\rest-assured\xml-path\4.3.0\xml-path-4.3.0.jar;C:\Users\ndigrazia\.m2\repository\org\apache\commons\commons-lang3\3.9\commons-lang3-3.9.jar;C:\Users\ndigrazia\.m2\repository\jakarta\xml\bind\jakarta.xml.bind-api\2.3.2\jakarta.xml.bind-api-2.3.2.jar;C:\Users\ndigrazia\.m2\repository\jakarta\activation\jakarta.activation-api\1.2.1\jakarta.activation-api-1.2.1.jar;C:\Users\ndigrazia\.m2\repository\org\apache\sling\org.apache.sling.javax.activation\0.1.0\org.apache.sling.javax.activation-0.1.0.jar;"/>
    <property name="java.vm.vendor" value="GraalVM Community"/>
    <property name="sun.arch.data.model" value="64"/>
    <property name="user.variant" value=""/>
    <property name="java.vendor.url" value="https://www.graalvm.org/"/>
    <property name="user.timezone" value="GMT-03:00"/>
    <property name="java.vm.specification.version" value="11"/>
    <property name="os.name" value="Windows 10"/>
    <property name="sun.java.launcher" value="SUN_STANDARD"/>
    <property name="user.country" value="AR"/>
    <property name="sun.boot.library.path" value="D:\software\graalvm-ce-java11-20.3.3\bin"/>
    <property name="sun.java.command" value="C:\Users\NDIGRA~1\AppData\Local\Temp\surefire9255022058601319178\surefirebooter13939483094892931446.jar C:\Users\ndigrazia\AppData\Local\Temp\surefire9255022058601319178 2021-11-18T14-59-58_773-jvmRun1 surefire14747354006585941739tmp surefire_08090974185743677456tmp"/>
    <property name="jdk.debug" value="release"/>
    <property name="surefire.test.class.path" value="D:\tmp\quarkus\workspaces\Section 9 Quarkus Cloud\quarkus-lambda\target\test-classes;D:\tmp\quarkus\workspaces\Section 9 Quarkus Cloud\quarkus-lambda\target\classes;C:\Users\ndigrazia\.m2\repository\io\quarkus\quarkus-resteasy\1.3.1.Final\quarkus-resteasy-1.3.1.Final.jar;C:\Users\ndigrazia\.m2\repository\io\quarkus\quarkus-vertx-http\1.3.1.Final\quarkus-vertx-http-1.3.1.Final.jar;C:\Users\ndigrazia\.m2\repository\io\quarkus\quarkus-development-mode-spi\1.3.1.Final\quarkus-development-mode-spi-1.3.1.Final.jar;C:\Users\ndigrazia\.m2\repository\io\quarkus\quarkus-vertx-core\1.3.1.Final\quarkus-vertx-core-1.3.1.Final.jar;C:\Users\ndigrazia\.m2\repository\io\vertx\vertx-web\3.8.5\vertx-web-3.8.5.jar;C:\Users\ndigrazia\.m2\repository\io\vertx\vertx-web-common\3.8.5\vertx-web-common-3.8.5.jar;C:\Users\ndigrazia\.m2\repository\io\vertx\vertx-auth-common\3.8.5\vertx-auth-common-3.8.5.jar;C:\Users\ndigrazia\.m2\repository\io\vertx\vertx-bridge-common\3.8.5\vertx-bridge-common-3.8.5.jar;C:\Users\ndigrazia\.m2\repository\io\quarkus\quarkus-resteasy-server-common\1.3.1.Final\quarkus-resteasy-server-common-1.3.1.Final.jar;C:\Users\ndigrazia\.m2\repository\io\quarkus\quarkus-resteasy-common\1.3.1.Final\quarkus-resteasy-common-1.3.1.Final.jar;C:\Users\ndigrazia\.m2\repository\org\jboss\resteasy\resteasy-core\4.5.3.Final\resteasy-core-4.5.3.Final.jar;C:\Users\ndigrazia\.m2\repository\org\jboss\spec\javax\ws\rs\jboss-jaxrs-api_2.1_spec\2.0.1.Final\jboss-jaxrs-api_2.1_spec-2.0.1.Final.jar;C:\Users\ndigrazia\.m2\repository\org\jboss\spec\javax\xml\bind\jboss-jaxb-api_2.3_spec\2.0.0.Final\jboss-jaxb-api_2.3_spec-2.0.0.Final.jar;C:\Users\ndigrazia\.m2\repository\org\jboss\resteasy\resteasy-core-spi\4.5.3.Final\resteasy-core-spi-4.5.3.Final.jar;C:\Users\ndigrazia\.m2\repository\org\eclipse\microprofile\config\microprofile-config-api\1.4\microprofile-config-api-1.4.jar;C:\Users\ndigrazia\.m2\repository\com\sun\activation\jakarta.activation\1.2.1\jakarta.activation-1.2.1.jar;C:\Users\ndigrazia\.m2\repository\jakarta\validation\jakarta.validation-api\2.0.2\jakarta.validation-api-2.0.2.jar;C:\Users\ndigrazia\.m2\repository\io\quarkus\quarkus-undertow\1.3.1.Final\quarkus-undertow-1.3.1.Final.jar;C:\Users\ndigrazia\.m2\repository\io\quarkus\quarkus-arc\1.3.1.Final\quarkus-arc-1.3.1.Final.jar;C:\Users\ndigrazia\.m2\repository\io\quarkus\arc\arc\1.3.1.Final\arc-1.3.1.Final.jar;C:\Users\ndigrazia\.m2\repository\jakarta\transaction\jakarta.transaction-api\1.3.3\jakarta.transaction-api-1.3.3.jar;C:\Users\ndigrazia\.m2\repository\io\quarkus\security\quarkus-security\1.0.1.Final\quarkus-security-1.0.1.Final.jar;C:\Users\ndigrazia\.m2\repository\org\jboss\logging\jboss-logging\3.3.2.Final\jboss-logging-3.3.2.Final.jar;C:\Users\ndigrazia\.m2\repository\jakarta\enterprise\jakarta.enterprise.cdi-api\2.0.2\jakarta.enterprise.cdi-api-2.0.2.jar;C:\Users\ndigrazia\.m2\repository\jakarta\el\jakarta.el-api\3.0.3\jakarta.el-api-3.0.3.jar;C:\Users\ndigrazia\.m2\repository\jakarta\interceptor\jakarta.interceptor-api\1.2.5\jakarta.interceptor-api-1.2.5.jar;C:\Users\ndigrazia\.m2\repository\jakarta\inject\jakarta.inject-api\1.0\jakarta.inject-api-1.0.jar;C:\Users\ndigrazia\.m2\repository\io\quarkus\http\quarkus-http-servlet\3.0.4.Final\quarkus-http-servlet-3.0.4.Final.jar;C:\Users\ndigrazia\.m2\repository\jakarta\servlet\jakarta.servlet-api\4.0.3\jakarta.servlet-api-4.0.3.jar;C:\Users\ndigrazia\.m2\repository\jakarta\annotation\jakarta.annotation-api\1.3.5\jakarta.annotation-api-1.3.5.jar;C:\Users\ndigrazia\.m2\repository\io\quarkus\http\quarkus-http-vertx-backend\3.0.4.Final\quarkus-http-vertx-backend-3.0.4.Final.jar;C:\Users\ndigrazia\.m2\repository\io\vertx\vertx-core\3.8.5\vertx-core-3.8.5.jar;C:\Users\ndigrazia\.m2\repository\io\netty\netty-common\4.1.45.Final\netty-common-4.1.45.Final.jar;C:\Users\ndigrazia\.m2\repository\io\netty\netty-buffer\4.1.45.Final\netty-buffer-4.1.45.Final.jar;C:\Users\ndigrazia\.m2\repository\io\netty\netty-transport\4.1.45.Final\netty-transport-4.1.45.Final.jar;C:\Users\ndigrazia\.m2\repository\io\netty\netty-handler\4.1.45.Final\netty-handler-4.1.45.Final.jar;C:\Users\ndigrazia\.m2\repository\io\netty\netty-handler-proxy\4.1.45.Final\netty-handler-proxy-4.1.45.Final.jar;C:\Users\ndigrazia\.m2\repository\io\netty\netty-codec-socks\4.1.45.Final\netty-codec-socks-4.1.45.Final.jar;C:\Users\ndigrazia\.m2\repository\io\netty\netty-codec-http2\4.1.45.Final\netty-codec-http2-4.1.45.Final.jar;C:\Users\ndigrazia\.m2\repository\io\netty\netty-resolver\4.1.45.Final\netty-resolver-4.1.45.Final.jar;C:\Users\ndigrazia\.m2\repository\io\netty\netty-resolver-dns\4.1.45.Final\netty-resolver-dns-4.1.45.Final.jar;C:\Users\ndigrazia\.m2\repository\io\netty\netty-codec-dns\4.1.45.Final\netty-codec-dns-4.1.45.Final.jar;C:\Users\ndigrazia\.m2\repository\io\quarkus\http\quarkus-http-http-core\3.0.4.Final\quarkus-http-http-core-3.0.4.Final.jar;C:\Users\ndigrazia\.m2\repository\io\quarkus\http\quarkus-http-core\3.0.4.Final\quarkus-http-core-3.0.4.Final.jar;C:\Users\ndigrazia\.m2\repository\io\netty\netty-codec-http\4.1.45.Final\netty-codec-http-4.1.45.Final.jar;C:\Users\ndigrazia\.m2\repository\io\netty\netty-codec\4.1.45.Final\netty-codec-4.1.45.Final.jar;C:\Users\ndigrazia\.m2\repository\io\quarkus\quarkus-core\1.3.1.Final\quarkus-core-1.3.1.Final.jar;C:\Users\ndigrazia\.m2\repository\io\smallrye\config\smallrye-config\1.7.0\smallrye-config-1.7.0.jar;C:\Users\ndigrazia\.m2\repository\io\smallrye\config\smallrye-config-common\1.7.0\smallrye-config-common-1.7.0.jar;C:\Users\ndigrazia\.m2\repository\org\jboss\logmanager\jboss-logmanager-embedded\1.0.4\jboss-logmanager-embedded-1.0.4.jar;C:\Users\ndigrazia\.m2\repository\org\jboss\logging\jboss-logging-annotations\2.1.0.Final\jboss-logging-annotations-2.1.0.Final.jar;C:\Users\ndigrazia\.m2\repository\org\jboss\threads\jboss-threads\3.0.1.Final\jboss-threads-3.0.1.Final.jar;C:\Users\ndigrazia\.m2\repository\org\slf4j\slf4j-api\1.7.29\slf4j-api-1.7.29.jar;C:\Users\ndigrazia\.m2\repository\org\jboss\slf4j\slf4j-jboss-logging\1.2.0.Final\slf4j-jboss-logging-1.2.0.Final.jar;C:\Users\ndigrazia\.m2\repository\org\graalvm\sdk\graal-sdk\19.3.1\graal-sdk-19.3.1.jar;C:\Users\ndigrazia\.m2\repository\org\wildfly\common\wildfly-common\1.5.4.Final-format-001\wildfly-common-1.5.4.Final-format-001.jar;C:\Users\ndigrazia\.m2\repository\org\eclipse\microprofile\context-propagation\microprofile-context-propagation-api\1.0.1\microprofile-context-propagation-api-1.0.1.jar;C:\Users\ndigrazia\.m2\repository\io\quarkus\quarkus-vertx-web\1.3.1.Final\quarkus-vertx-web-1.3.1.Final.jar;C:\Users\ndigrazia\.m2\repository\io\quarkus\quarkus-vertx\1.3.1.Final\quarkus-vertx-1.3.1.Final.jar;C:\Users\ndigrazia\.m2\repository\io\quarkus\quarkus-netty\1.3.1.Final\quarkus-netty-1.3.1.Final.jar;C:\Users\ndigrazia\.m2\repository\io\quarkus\quarkus-jackson\1.3.1.Final\quarkus-jackson-1.3.1.Final.jar;C:\Users\ndigrazia\.m2\repository\com\fasterxml\jackson\datatype\jackson-datatype-jsr310\2.10.2\jackson-datatype-jsr310-2.10.2.jar;C:\Users\ndigrazia\.m2\repository\com\fasterxml\jackson\datatype\jackson-datatype-jdk8\2.10.2\jackson-datatype-jdk8-2.10.2.jar;C:\Users\ndigrazia\.m2\repository\com\fasterxml\jackson\module\jackson-module-parameter-names\2.10.2\jackson-module-parameter-names-2.10.2.jar;C:\Users\ndigrazia\.m2\repository\io\smallrye\reactive\smallrye-axle-generator\0.0.13\smallrye-axle-generator-0.0.13.jar;C:\Users\ndigrazia\.m2\repository\io\reactivex\rxjava2\rxjava\2.2.18\rxjava-2.2.18.jar;C:\Users\ndigrazia\.m2\repository\io\smallrye\reactive\smallrye-reactive-streams-operators\1.0.10\smallrye-reactive-streams-operators-1.0.10.jar;C:\Users\ndigrazia\.m2\repository\org\eclipse\microprofile\reactive-streams-operators\microprofile-reactive-streams-operators-api\1.0\microprofile-reactive-streams-operators-api-1.0.jar;C:\Users\ndigrazia\.m2\repository\org\eclipse\microprofile\reactive-streams-operators\microprofile-reactive-streams-operators-core\1.0\microprofile-reactive-streams-operators-core-1.0.jar;C:\Users\ndigrazia\.m2\repository\org\reactivestreams\reactive-streams\1.0.3\reactive-streams-1.0.3.jar;C:\Users\ndigrazia\.m2\repository\io\vertx\vertx-codegen\3.8.5\vertx-codegen-3.8.5.jar;C:\Users\ndigrazia\.m2\repository\org\mvel\mvel2\2.4.4.Final\mvel2-2.4.4.Final.jar;C:\Users\ndigrazia\.m2\repository\io\smallrye\reactive\smallrye-axle-core\0.0.13\smallrye-axle-core-0.0.13.jar;C:\Users\ndigrazia\.m2\repository\io\vertx\vertx-rx-java2\3.8.5\vertx-rx-java2-3.8.5.jar;C:\Users\ndigrazia\.m2\repository\io\vertx\vertx-rx-gen\3.8.5\vertx-rx-gen-3.8.5.jar;C:\Users\ndigrazia\.m2\repository\io\quarkus\quarkus-mutiny\1.3.1.Final\quarkus-mutiny-1.3.1.Final.jar;C:\Users\ndigrazia\.m2\repository\io\smallrye\reactive\mutiny\0.4.2\mutiny-0.4.2.jar;C:\Users\ndigrazia\.m2\repository\io\quarkus\quarkus-smallrye-context-propagation\1.3.1.Final\quarkus-smallrye-context-propagation-1.3.1.Final.jar;C:\Users\ndigrazia\.m2\repository\io\smallrye\smallrye-context-propagation\1.0.11\smallrye-context-propagation-1.0.11.jar;C:\Users\ndigrazia\.m2\repository\io\smallrye\smallrye-context-propagation-api\1.0.11\smallrye-context-propagation-api-1.0.11.jar;C:\Users\ndigrazia\.m2\repository\io\smallrye\reactive\mutiny-context-propagation\0.4.2\mutiny-context-propagation-0.4.2.jar;C:\Users\ndigrazia\.m2\repository\io\smallrye\reactive\smallrye-reactive-converter-api\1.0.10\smallrye-reactive-converter-api-1.0.10.jar;C:\Users\ndigrazia\.m2\repository\io\smallrye\reactive\smallrye-mutiny-vertx-core\0.0.13\smallrye-mutiny-vertx-core-0.0.13.jar;C:\Users\ndigrazia\.m2\repository\io\smallrye\reactive\smallrye-mutiny-vertx-runtime\0.0.13\smallrye-mutiny-vertx-runtime-0.0.13.jar;C:\Users\ndigrazia\.m2\repository\io\smallrye\reactive\vertx-mutiny-generator\0.0.13\vertx-mutiny-generator-0.0.13.jar;C:\Users\ndigrazia\.m2\repository\io\quarkus\quarkus-amazon-lambda-http\1.3.1.Final\quarkus-amazon-lambda-http-1.3.1.Final.jar;C:\Users\ndigrazia\.m2\repository\io\quarkus\quarkus-amazon-lambda\1.3.1.Final\quarkus-amazon-lambda-1.3.1.Final.jar;C:\Users\ndigrazia\.m2\repository\com\amazonaws\aws-lambda-java-core\1.1.0\aws-lambda-java-core-1.1.0.jar;C:\Users\ndigrazia\.m2\repository\com\amazonaws\aws-lambda-java-events\2.2.7\aws-lambda-java-events-2.2.7.jar;C:\Users\ndigrazia\.m2\repository\com\fasterxml\jackson\datatype\jackson-datatype-joda\2.10.2\jackson-datatype-joda-2.10.2.jar;C:\Users\ndigrazia\.m2\repository\com\fasterxml\jackson\core\jackson-annotations\2.10.2\jackson-annotations-2.10.2.jar;C:\Users\ndigrazia\.m2\repository\com\fasterxml\jackson\core\jackson-core\2.10.2\jackson-core-2.10.2.jar;C:\Users\ndigrazia\.m2\repository\joda-time\joda-time\2.9.9\joda-time-2.9.9.jar;C:\Users\ndigrazia\.m2\repository\com\amazonaws\serverless\aws-serverless-java-container-core\1.3.1\aws-serverless-java-container-core-1.3.1.jar;C:\Users\ndigrazia\.m2\repository\com\fasterxml\jackson\core\jackson-databind\2.10.2\jackson-databind-2.10.2.jar;C:\Users\ndigrazia\.m2\repository\com\fasterxml\jackson\module\jackson-module-afterburner\2.10.2\jackson-module-afterburner-2.10.2.jar;C:\Users\ndigrazia\.m2\repository\commons-fileupload\commons-fileupload\1.4\commons-fileupload-1.4.jar;C:\Users\ndigrazia\.m2\repository\commons-io\commons-io\2.6\commons-io-2.6.jar;C:\Users\ndigrazia\.m2\repository\org\apache\httpcomponents\httpcore\4.4.13\httpcore-4.4.13.jar;C:\Users\ndigrazia\.m2\repository\io\quarkus\quarkus-junit5\1.3.1.Final\quarkus-junit5-1.3.1.Final.jar;C:\Users\ndigrazia\.m2\repository\io\quarkus\quarkus-bootstrap-core\1.3.1.Final\quarkus-bootstrap-core-1.3.1.Final.jar;C:\Users\ndigrazia\.m2\repository\org\ow2\asm\asm\7.3.1\asm-7.3.1.jar;C:\Users\ndigrazia\.m2\repository\org\apache\maven\maven-embedder\3.6.3\maven-embedder-3.6.3.jar;C:\Users\ndigrazia\.m2\repository\org\apache\maven\maven-settings\3.6.3\maven-settings-3.6.3.jar;C:\Users\ndigrazia\.m2\repository\org\apache\maven\maven-core\3.6.3\maven-core-3.6.3.jar;C:\Users\ndigrazia\.m2\repository\org\apache\maven\maven-artifact\3.6.3\maven-artifact-3.6.3.jar;C:\Users\ndigrazia\.m2\repository\org\codehaus\plexus\plexus-component-annotations\2.1.0\plexus-component-annotations-2.1.0.jar;C:\Users\ndigrazia\.m2\repository\org\apache\maven\maven-plugin-api\3.6.3\maven-plugin-api-3.6.3.jar;C:\Users\ndigrazia\.m2\repository\org\apache\maven\maven-model\3.6.3\maven-model-3.6.3.jar;C:\Users\ndigrazia\.m2\repository\org\apache\maven\maven-model-builder\3.6.3\maven-model-builder-3.6.3.jar;C:\Users\ndigrazia\.m2\repository\org\apache\maven\maven-builder-support\3.6.3\maven-builder-support-3.6.3.jar;C:\Users\ndigrazia\.m2\repository\org\apache\maven\resolver\maven-resolver-api\1.4.1\maven-resolver-api-1.4.1.jar;C:\Users\ndigrazia\.m2\repository\org\apache\maven\resolver\maven-resolver-util\1.4.1\maven-resolver-util-1.4.1.jar;C:\Users\ndigrazia\.m2\repository\org\apache\maven\shared\maven-shared-utils\3.2.1\maven-shared-utils-3.2.1.jar;C:\Users\ndigrazia\.m2\repository\com\google\inject\guice\4.2.1\guice-4.2.1-no_aop.jar;C:\Users\ndigrazia\.m2\repository\com\google\guava\guava\27.0.1-jre\guava-27.0.1-jre.jar;C:\Users\ndigrazia\.m2\repository\com\google\guava\failureaccess\1.0.1\failureaccess-1.0.1.jar;C:\Users\ndigrazia\.m2\repository\com\google\guava\listenablefuture\9999.0-empty-to-avoid-conflict-with-guava\listenablefuture-9999.0-empty-to-avoid-conflict-with-guava.jar;C:\Users\ndigrazia\.m2\repository\org\codehaus\plexus\plexus-utils\3.2.1\plexus-utils-3.2.1.jar;C:\Users\ndigrazia\.m2\repository\org\eclipse\sisu\org.eclipse.sisu.plexus\0.3.4\org.eclipse.sisu.plexus-0.3.4.jar;C:\Users\ndigrazia\.m2\repository\commons-cli\commons-cli\1.4\commons-cli-1.4.jar;C:\Users\ndigrazia\.m2\repository\org\apache\maven\maven-settings-builder\3.6.3\maven-settings-builder-3.6.3.jar;C:\Users\ndigrazia\.m2\repository\org\codehaus\plexus\plexus-interpolation\1.25\plexus-interpolation-1.25.jar;C:\Users\ndigrazia\.m2\repository\org\sonatype\plexus\plexus-sec-dispatcher\1.4\plexus-sec-dispatcher-1.4.jar;C:\Users\ndigrazia\.m2\repository\org\sonatype\plexus\plexus-cipher\1.4\plexus-cipher-1.4.jar;C:\Users\ndigrazia\.m2\repository\org\apache\maven\maven-resolver-provider\3.6.3\maven-resolver-provider-3.6.3.jar;C:\Users\ndigrazia\.m2\repository\org\apache\maven\maven-repository-metadata\3.6.3\maven-repository-metadata-3.6.3.jar;C:\Users\ndigrazia\.m2\repository\org\apache\maven\resolver\maven-resolver-spi\1.4.1\maven-resolver-spi-1.4.1.jar;C:\Users\ndigrazia\.m2\repository\org\apache\maven\resolver\maven-resolver-impl\1.4.1\maven-resolver-impl-1.4.1.jar;C:\Users\ndigrazia\.m2\repository\org\apache\maven\resolver\maven-resolver-connector-basic\1.4.1\maven-resolver-connector-basic-1.4.1.jar;C:\Users\ndigrazia\.m2\repository\org\apache\maven\resolver\maven-resolver-transport-wagon\1.4.1\maven-resolver-transport-wagon-1.4.1.jar;C:\Users\ndigrazia\.m2\repository\org\apache\maven\wagon\wagon-http\3.3.4\wagon-http-3.3.4.jar;C:\Users\ndigrazia\.m2\repository\org\apache\maven\wagon\wagon-http-shared\3.3.4\wagon-http-shared-3.3.4.jar;C:\Users\ndigrazia\.m2\repository\org\jsoup\jsoup\1.12.1\jsoup-1.12.1.jar;C:\Users\ndigrazia\.m2\repository\org\apache\maven\wagon\wagon-provider-api\3.3.4\wagon-provider-api-3.3.4.jar;C:\Users\ndigrazia\.m2\repository\org\apache\maven\wagon\wagon-file\3.3.4\wagon-file-3.3.4.jar;C:\Users\ndigrazia\.m2\repository\org\jboss\logging\commons-logging-jboss-logging\1.0.0.Final\commons-logging-jboss-logging-1.0.0.Final.jar;C:\Users\ndigrazia\.m2\repository\io\quarkus\quarkus-test-common\1.3.1.Final\quarkus-test-common-1.3.1.Final.jar;C:\Users\ndigrazia\.m2\repository\io\quarkus\quarkus-core-deployment\1.3.1.Final\quarkus-core-deployment-1.3.1.Final.jar;C:\Users\ndigrazia\.m2\repository\io\quarkus\gizmo\gizmo\1.0.2.Final\gizmo-1.0.2.Final.jar;C:\Users\ndigrazia\.m2\repository\org\ow2\asm\asm-util\7.3.1\asm-util-7.3.1.jar;C:\Users\ndigrazia\.m2\repository\org\ow2\asm\asm-tree\7.3.1\asm-tree-7.3.1.jar;C:\Users\ndigrazia\.m2\repository\org\ow2\asm\asm-analysis\7.3.1\asm-analysis-7.3.1.jar;C:\Users\ndigrazia\.m2\repository\io\quarkus\quarkus-builder\1.3.1.Final\quarkus-builder-1.3.1.Final.jar;C:\Users\ndigrazia\.m2\repository\io\quarkus\quarkus-jsonp-deployment\1.3.1.Final\quarkus-jsonp-deployment-1.3.1.Final.jar;C:\Users\ndigrazia\.m2\repository\io\quarkus\quarkus-jsonp\1.3.1.Final\quarkus-jsonp-1.3.1.Final.jar;C:\Users\ndigrazia\.m2\repository\org\glassfish\jakarta.json\1.1.6\jakarta.json-1.1.6.jar;C:\Users\ndigrazia\.m2\repository\org\jboss\jandex\2.1.3.Final\jandex-2.1.3.Final.jar;C:\Users\ndigrazia\.m2\repository\org\junit\jupiter\junit-jupiter\5.6.0\junit-jupiter-5.6.0.jar;C:\Users\ndigrazia\.m2\repository\org\junit\jupiter\junit-jupiter-api\5.6.0\junit-jupiter-api-5.6.0.jar;C:\Users\ndigrazia\.m2\repository\org\apiguardian\apiguardian-api\1.1.0\apiguardian-api-1.1.0.jar;C:\Users\ndigrazia\.m2\repository\org\opentest4j\opentest4j\1.2.0\opentest4j-1.2.0.jar;C:\Users\ndigrazia\.m2\repository\org\junit\platform\junit-platform-commons\1.6.0\junit-platform-commons-1.6.0.jar;C:\Users\ndigrazia\.m2\repository\org\junit\jupiter\junit-jupiter-params\5.6.0\junit-jupiter-params-5.6.0.jar;C:\Users\ndigrazia\.m2\repository\org\junit\jupiter\junit-jupiter-engine\5.6.0\junit-jupiter-engine-5.6.0.jar;C:\Users\ndigrazia\.m2\repository\org\junit\platform\junit-platform-engine\1.6.0\junit-platform-engine-1.6.0.jar;C:\Users\ndigrazia\.m2\repository\io\rest-assured\rest-assured\4.3.0\rest-assured-4.3.0.jar;C:\Users\ndigrazia\.m2\repository\org\codehaus\groovy\groovy\3.0.2\groovy-3.0.2.jar;C:\Users\ndigrazia\.m2\repository\org\codehaus\groovy\groovy-xml\3.0.2\groovy-xml-3.0.2.jar;C:\Users\ndigrazia\.m2\repository\org\apache\httpcomponents\httpclient\4.5.11\httpclient-4.5.11.jar;C:\Users\ndigrazia\.m2\repository\commons-codec\commons-codec\1.13\commons-codec-1.13.jar;C:\Users\ndigrazia\.m2\repository\org\apache\httpcomponents\httpmime\4.5.3\httpmime-4.5.3.jar;C:\Users\ndigrazia\.m2\repository\org\hamcrest\hamcrest\2.1\hamcrest-2.1.jar;C:\Users\ndigrazia\.m2\repository\org\ccil\cowan\tagsoup\tagsoup\1.2.1\tagsoup-1.2.1.jar;C:\Users\ndigrazia\.m2\repository\io\rest-assured\json-path\4.3.0\json-path-4.3.0.jar;C:\Users\ndigrazia\.m2\repository\org\codehaus\groovy\groovy-json\3.0.2\groovy-json-3.0.2.jar;C:\Users\ndigrazia\.m2\repository\io\rest-assured\rest-assured-common\4.3.0\rest-assured-common-4.3.0.jar;C:\Users\ndigrazia\.m2\repository\io\rest-assured\xml-path\4.3.0\xml-path-4.3.0.jar;C:\Users\ndigrazia\.m2\repository\org\apache\commons\commons-lang3\3.9\commons-lang3-3.9.jar;C:\Users\ndigrazia\.m2\repository\jakarta\xml\bind\jakarta.xml.bind-api\2.3.2\jakarta.xml.bind-api-2.3.2.jar;C:\Users\ndigrazia\.m2\repository\jakarta\activation\jakarta.activation-api\1.2.1\jakarta.activation-api-1.2.1.jar;C:\Users\ndigrazia\.m2\repository\org\apache\sling\org.apache.sling.javax.activation\0.1.0\org.apache.sling.javax.activation-0.1.0.jar;"/>
    <property name="sun.cpu.endian" value="little"/>
    <property name="user.home" value="C:\Users\ndigrazia"/>
    <property name="user.language" value="es"/>
    <property name="java.specification.vendor" value="Oracle Corporation"/>
    <property name="java.version.date" value="2021-07-20"/>
    <property name="java.home" value="D:\software\graalvm-ce-java11-20.3.3"/>
    <property name="file.separator" value="\"/>
    <property name="basedir" value="D:\tmp\quarkus\workspaces\Section 9 Quarkus Cloud\quarkus-lambda"/>
    <property name="java.vm.compressedOopsMode" value="32-bit"/>
    <property name="line.separator" value="&#10;"/>
    <property name="jdk.internal.vm.ci.enabled" value="true"/>
    <property name="java.specification.name" value="Java Platform API Specification"/>
    <property name="java.vm.specification.vendor" value="Oracle Corporation"/>
    <property name="java.awt.graphicsenv" value="sun.awt.Win32GraphicsEnvironment"/>
    <property name="surefire.real.class.path" value="C:\Users\NDIGRA~1\AppData\Local\Temp\surefire9255022058601319178\surefirebooter13939483094892931446.jar"/>
    <property name="user.script" value=""/>
    <property name="sun.management.compiler" value="HotSpot 64-Bit Tiered Compilers"/>
    <property name="java.runtime.version" value="11.0.12+6-jvmci-20.3-b20"/>
    <property name="user.name" value="NDIGRAZIA"/>
    <property name="path.separator" value=";"/>
    <property name="os.version" value="10.0"/>
    <property name="java.runtime.name" value="OpenJDK Runtime Environment"/>
    <property name="file.encoding" value="Cp1252"/>
    <property name="java.vm.name" value="OpenJDK 64-Bit Server VM"/>
    <property name="java.vendor.version" value="GraalVM CE 20.3.3"/>
    <property name="localRepository" value="C:\Users\ndigrazia\.m2\repository"/>
    <property name="java.vendor.url.bug" value="https://github.com/oracle/graal/issues"/>
    <property name="java.io.tmpdir" value="C:\Users\NDIGRA~1\AppData\Local\Temp\"/>
    <property name="java.version" value="11.0.12"/>
    <property name="user.dir" value="D:\tmp\quarkus\workspaces\Section 9 Quarkus Cloud\quarkus-lambda"/>
    <property name="os.arch" value="amd64"/>
    <property name="java.vm.specification.name" value="Java Virtual Machine Specification"/>
    <property name="java.awt.printerjob" value="sun.awt.windows.WPrinterJob"/>
    <property name="sun.os.patch.level" value=""/>
    <property name="java.util.logging.manager" value="org.jboss.logmanager.LogManager"/>
    <property name="java.library.path" value="D:\software\graalvm-ce-java11-20.3.3\bin;C:\Windows\Sun\Java\bin;C:\Windows\system32;C:\Windows;D:\software\Java\jdk-13.0.2\bin;C:\Program Files (x86)\Teradata\Client\14.00\AXSMOD\;D:\software\curl-7.78.0-win64-mingw\bin;C:\Program Files (x86)\Teradata\client\14.00\Teradata Parallel Transporter\bin;C:\Program Files (x86)\Teradata\client\14.00\Teradata Parallel Transporter\msg;C:\Program Files\Teradata\client\14.00\Teradata Parallel Transporter\bin64;C:\Program Files\Teradata\client\14.00\Teradata Parallel Transporter\msg64;C:\Program Files (x86)\Teradata\Client\14.00\pp2\;C:\Program Files\Teradata\Client\14.00\pp2_64\;C:\Program Files\Teradata\Client\14.00\bin64\;C:\Program Files (x86)\Teradata\Client\14.00\AXSMOD\;C:\Program Files\Teradata\Client\14.00\AXSMOD\;C:\Program Files (x86)\Teradata\Client\14.00\bin\;C:\Program Files\Teradata\Client\14.00\bin\;C:\Program Files (x86)\Teradata\Client\14.00\CLIv2\;C:\Program Files\Teradata\Client\14.00\CLIv2\;C:\Program Files (x86)\Teradata\Client\14.00\ODBC Driver for Teradata\Lib\;C:\Program Files\Teradata\Client\14.00\ODBC Driver for Teradata nt-x8664\Lib\;d:\minikube;D:\software\Minikube;C:\Users\ndigrazia\go\bin;D:\software\minishift-1.16.0-windows-amd64;D:\software\apache-maven-3.6.3\bin;C:\Users\ndigrazia\AppData\Local\Microsoft\WindowsApps;C:\Users\ndigrazia\AppData\Roaming\npm;D:\software\texlive\2020\bin\win32;D:\software\python-3.8.3-embed-amd64;D:\software\VSCode-win32-x64-1.42.1;D:\software\Git\bin;D:\software\oc;D:\software\Microsoft VS Code\bin;D:\software\HashiCorp\Vagrant\bin;C:\Users\ndigrazia\.deno\bin;D:\software\heroku\bin;D:\software\graalvm-ce-java11-20.3.3\bin;C:\Windows\System32\WindowsPowerShell\v1.0;."/>
    <property name="java.vm.info" value="mixed mode, sharing"/>
    <property name="java.vendor" value="GraalVM Community"/>
    <property name="java.vm.version" value="11.0.12+6-jvmci-20.3-b20"/>
    <property name="sun.io.unicode.encoding" value="UnicodeLittle"/>
    <property name="java.class.version" value="55.0"/>
  </properties>
  <testcase name="testJaxrs" classname="tech.donau.GreetingTest" time="1.432"/>
  <testcase name="testVertx" classname="tech.donau.GreetingTest" time="0.025"/>
  <testcase name="testServlet" classname="tech.donau.GreetingTest" time="0.021"/>
</testsuite>